2021-07-03 13:26:18,532 INFO com.github.briares.priceApi.PriceToolApplicationTests [Test worker] Starting PriceToolApplicationTests using Java 16 on salamander with PID 3453366 (started by britoss in /media/britoss/work/dev/program/spring/priceTool)
2021-07-03 13:26:18,533 DEBUG com.github.briares.priceApi.PriceToolApplicationTests [Test worker] Running with Spring Boot v2.6.0-SNAPSHOT, Spring v5.3.8
2021-07-03 13:26:18,537 INFO com.github.briares.priceApi.PriceToolApplicationTests [Test worker] No active profile set, falling back to default profiles: default
2021-07-03 13:26:19,835 INFO com.zaxxer.hikari.HikariDataSource [Test worker] priceReporting - Starting...
2021-07-03 13:26:20,010 INFO com.zaxxer.hikari.HikariDataSource [Test worker] priceReporting - Start completed.
2021-07-03 13:26:20,177 INFO org.hibernate.jpa.internal.util.LogHelper [Test worker] HHH000204: Processing PersistenceUnitInfo [name: default]
2021-07-03 13:26:20,223 INFO org.hibernate.Version [Test worker] HHH000412: Hibernate ORM core version 5.4.32.Final
2021-07-03 13:26:20,328 INFO org.hibernate.annotations.common.Version [Test worker] HCANN000001: Hibernate Commons Annotations {5.1.2.Final}
2021-07-03 13:26:20,422 INFO org.hibernate.dialect.Dialect [Test worker] HHH000400: Using dialect: org.hibernate.dialect.H2Dialect
2021-07-03 13:26:20,931 INFO org.hibernate.engine.transaction.jta.platform.internal.JtaPlatformInitiator [Test worker] HHH000490: Using JtaPlatform implementation: [org.hibernate.engine.transaction.jta.platform.internal.NoJtaPlatform]
2021-07-03 13:26:22,656 INFO com.github.briares.priceApi.PriceToolApplicationTests [Test worker] Started PriceToolApplicationTests in 4.501 seconds (JVM running for 6.486)
2021-07-03 13:26:22,982 INFO com.github.briares.priceApi.controller.PriceRestControllerTest [Test worker] Starting PriceRestControllerTest using Java 16 on salamander with PID 3453366 (started by britoss in /media/britoss/work/dev/program/spring/priceTool)
2021-07-03 13:26:22,982 DEBUG com.github.briares.priceApi.controller.PriceRestControllerTest [Test worker] Running with Spring Boot v2.6.0-SNAPSHOT, Spring v5.3.8
2021-07-03 13:26:22,983 INFO com.github.briares.priceApi.controller.PriceRestControllerTest [Test worker] No active profile set, falling back to default profiles: default
2021-07-03 13:26:23,362 INFO org.apache.catalina.core.StandardService [Test worker] Starting service [Tomcat]
2021-07-03 13:26:23,363 INFO org.apache.catalina.core.StandardEngine [Test worker] Starting Servlet engine: [Apache Tomcat/9.0.48]
2021-07-03 13:26:23,442 INFO org.apache.catalina.core.ContainerBase.[Tomcat].[localhost].[/priceApi] [Test worker] Initializing Spring embedded WebApplicationContext
2021-07-03 13:26:23,462 INFO com.zaxxer.hikari.HikariDataSource [Test worker] priceReporting - Starting...
2021-07-03 13:26:23,463 INFO com.zaxxer.hikari.HikariDataSource [Test worker] priceReporting - Start completed.
2021-07-03 13:26:23,557 INFO org.hibernate.jpa.internal.util.LogHelper [Test worker] HHH000204: Processing PersistenceUnitInfo [name: default]
2021-07-03 13:26:23,561 INFO org.hibernate.dialect.Dialect [Test worker] HHH000400: Using dialect: org.hibernate.dialect.H2Dialect
2021-07-03 13:26:23,635 INFO org.hibernate.engine.transaction.jta.platform.internal.JtaPlatformInitiator [Test worker] HHH000490: Using JtaPlatform implementation: [org.hibernate.engine.transaction.jta.platform.internal.NoJtaPlatform]
2021-07-03 13:26:24,706 INFO org.apache.catalina.core.ContainerBase.[Tomcat].[localhost].[/priceApi] [Test worker] Initializing Spring TestDispatcherServlet ''
2021-07-03 13:26:24,978 INFO com.github.briares.priceApi.controller.PriceRestControllerTest [Test worker] Started PriceRestControllerTest in 2.023 seconds (JVM running for 8.808)
2021-07-03 13:26:25,288 INFO com.github.briares.priceApi.controller.PriceRestController [Test worker] price request for product ProductPriceRequestDto(brandId=1, productId=35455, dateOfApplication=2019-06-16T21:00)
2021-07-03 13:26:25,870 INFO com.github.briares.priceApi.controller.PriceRestController [Test worker] request for product price ended with result null
2021-07-03 13:26:26,021 INFO com.github.briares.priceApi.controller.PriceRestController [Test worker] price request for product ProductPriceRequestDto(brandId=1, productId=35455, dateOfApplication=2020-06-14T10:00)
2021-07-03 13:26:26,159 INFO com.github.briares.priceApi.controller.PriceRestController [Test worker] request for product price ended with result ProductPriceDto(productId=35455, brandId=1, priceList=1, startDate=2020-06-14T00:00, endDate=2020-12-31T23:59:59, price=35.50)
2021-07-03 13:26:26,245 INFO com.github.briares.priceApi.controller.PriceRestController [Test worker] price request for product ProductPriceRequestDto(brandId=1, productId=35455, dateOfApplication=2020-06-14T16:00)
2021-07-03 13:26:26,247 INFO com.github.briares.priceApi.controller.PriceRestController [Test worker] request for product price ended with result ProductPriceDto(productId=35455, brandId=1, priceList=2, startDate=2020-06-14T15:00, endDate=2020-06-14T18:30, price=25.45)
2021-07-03 13:26:26,265 INFO com.github.briares.priceApi.controller.PriceRestController [Test worker] price request for product ProductPriceRequestDto(brandId=1, productId=35455, dateOfApplication=2020-06-14T21:00)
2021-07-03 13:26:26,268 INFO com.github.briares.priceApi.controller.PriceRestController [Test worker] request for product price ended with result ProductPriceDto(productId=35455, brandId=1, priceList=1, startDate=2020-06-14T00:00, endDate=2020-12-31T23:59:59, price=35.50)
2021-07-03 13:26:26,281 INFO com.github.briares.priceApi.controller.PriceRestController [Test worker] price request for product ProductPriceRequestDto(brandId=1, productId=35455, dateOfApplication=2020-06-15T10:00)
2021-07-03 13:26:26,288 INFO com.github.briares.priceApi.controller.PriceRestController [Test worker] request for product price ended with result ProductPriceDto(productId=35455, brandId=1, priceList=3, startDate=2020-06-15T00:00, endDate=2020-06-15T11:00, price=30.50)
2021-07-03 13:26:26,307 INFO com.github.briares.priceApi.controller.PriceRestController [Test worker] price request for product ProductPriceRequestDto(brandId=1, productId=35455, dateOfApplication=2020-06-16T21:00)
2021-07-03 13:26:26,312 INFO com.github.briares.priceApi.controller.PriceRestController [Test worker] request for product price ended with result ProductPriceDto(productId=35455, brandId=1, priceList=4, startDate=2020-06-15T16:00, endDate=2020-12-31T23:59:59, price=38.95)
2021-07-03 13:26:26,372 INFO com.zaxxer.hikari.HikariDataSource [SpringApplicationShutdownHook] priceReporting - Shutdown initiated...
2021-07-03 13:26:26,375 INFO com.zaxxer.hikari.HikariDataSource [SpringApplicationShutdownHook] priceReporting - Shutdown completed.
2021-07-03 13:26:26,398 INFO com.zaxxer.hikari.HikariDataSource [SpringApplicationShutdownHook] priceReporting - Shutdown initiated...
2021-07-03 13:26:26,398 INFO com.zaxxer.hikari.HikariDataSource [SpringApplicationShutdownHook] priceReporting - Shutdown completed.
2021-07-03 13:26:33,768 INFO com.github.briares.priceApi.PriceToolApplication [restartedMain] Starting PriceToolApplication using Java 16 on salamander with PID 3454524 (/media/britoss/work/dev/program/spring/priceTool/build/classes/java/main started by britoss in /media/britoss/work/dev/program/spring/priceTool)
2021-07-03 13:26:33,771 DEBUG com.github.briares.priceApi.PriceToolApplication [restartedMain] Running with Spring Boot v2.6.0-SNAPSHOT, Spring v5.3.8
2021-07-03 13:26:33,771 INFO com.github.briares.priceApi.PriceToolApplication [restartedMain] No active profile set, falling back to default profiles: default
2021-07-03 13:26:35,184 INFO org.apache.catalina.core.StandardService [restartedMain] Starting service [Tomcat]
2021-07-03 13:26:35,184 INFO org.apache.catalina.core.StandardEngine [restartedMain] Starting Servlet engine: [Apache Tomcat/9.0.48]
2021-07-03 13:26:35,243 INFO org.apache.catalina.core.ContainerBase.[Tomcat].[localhost].[/priceApi] [restartedMain] Initializing Spring embedded WebApplicationContext
2021-07-03 13:26:35,281 INFO com.zaxxer.hikari.HikariDataSource [restartedMain] priceReporting - Starting...
2021-07-03 13:26:35,412 INFO com.zaxxer.hikari.HikariDataSource [restartedMain] priceReporting - Start completed.
2021-07-03 13:26:35,582 INFO org.hibernate.jpa.internal.util.LogHelper [restartedMain] HHH000204: Processing PersistenceUnitInfo [name: default]
2021-07-03 13:26:35,664 INFO org.hibernate.Version [restartedMain] HHH000412: Hibernate ORM core version 5.4.32.Final
2021-07-03 13:26:35,830 INFO org.hibernate.annotations.common.Version [restartedMain] HCANN000001: Hibernate Commons Annotations {5.1.2.Final}
2021-07-03 13:26:35,932 INFO org.hibernate.dialect.Dialect [restartedMain] HHH000400: Using dialect: org.hibernate.dialect.H2Dialect
2021-07-03 13:26:36,457 INFO org.hibernate.engine.transaction.jta.platform.internal.JtaPlatformInitiator [restartedMain] HHH000490: Using JtaPlatform implementation: [org.hibernate.engine.transaction.jta.platform.internal.NoJtaPlatform]
2021-07-03 13:26:37,878 INFO com.github.briares.priceApi.PriceToolApplication [restartedMain] Started PriceToolApplication in 4.613 seconds (JVM running for 5.04)
2021-07-03 13:26:40,681 INFO com.zaxxer.hikari.HikariDataSource [SpringApplicationShutdownHook] priceReporting - Shutdown initiated...
2021-07-03 13:26:40,682 INFO com.zaxxer.hikari.HikariDataSource [SpringApplicationShutdownHook] priceReporting - Shutdown completed.
2021-07-03 23:29:00,120 INFO com.github.briares.priceApi.PriceToolApplication [restartedMain] Starting PriceToolApplication using Java 16 on salamander with PID 3604698 (/media/britoss/work/dev/program/spring/priceTool/build/classes/java/main started by britoss in /media/britoss/work/dev/program/spring/priceTool)
2021-07-03 23:29:00,141 DEBUG com.github.briares.priceApi.PriceToolApplication [restartedMain] Running with Spring Boot v2.6.0-SNAPSHOT, Spring v5.3.8
2021-07-03 23:29:00,141 INFO com.github.briares.priceApi.PriceToolApplication [restartedMain] No active profile set, falling back to default profiles: default
2021-07-03 23:29:01,441 INFO org.apache.catalina.core.StandardService [restartedMain] Starting service [Tomcat]
2021-07-03 23:29:01,442 INFO org.apache.catalina.core.StandardEngine [restartedMain] Starting Servlet engine: [Apache Tomcat/9.0.48]
2021-07-03 23:29:01,504 INFO org.apache.catalina.core.ContainerBase.[Tomcat].[localhost].[/priceApi] [restartedMain] Initializing Spring embedded WebApplicationContext
2021-07-03 23:29:01,549 INFO com.zaxxer.hikari.HikariDataSource [restartedMain] priceReporting - Starting...
2021-07-03 23:29:01,674 INFO com.zaxxer.hikari.HikariDataSource [restartedMain] priceReporting - Start completed.
2021-07-03 23:29:01,835 INFO org.hibernate.jpa.internal.util.LogHelper [restartedMain] HHH000204: Processing PersistenceUnitInfo [name: default]
2021-07-03 23:29:01,880 INFO org.hibernate.Version [restartedMain] HHH000412: Hibernate ORM core version 5.4.32.Final
2021-07-03 23:29:01,985 INFO org.hibernate.annotations.common.Version [restartedMain] HCANN000001: Hibernate Commons Annotations {5.1.2.Final}
2021-07-03 23:29:02,066 INFO org.hibernate.dialect.Dialect [restartedMain] HHH000400: Using dialect: org.hibernate.dialect.H2Dialect
2021-07-03 23:29:02,439 INFO org.hibernate.engine.transaction.jta.platform.internal.JtaPlatformInitiator [restartedMain] HHH000490: Using JtaPlatform implementation: [org.hibernate.engine.transaction.jta.platform.internal.NoJtaPlatform]
2021-07-03 23:29:03,588 INFO com.github.briares.priceApi.PriceToolApplication [restartedMain] Started PriceToolApplication in 3.914 seconds (JVM running for 4.345)
2021-07-03 23:29:42,148 INFO org.apache.catalina.core.ContainerBase.[Tomcat].[localhost].[/priceApi] [http-nio-8080-exec-1] Initializing Spring DispatcherServlet 'dispatcherServlet'
2021-07-03 23:29:42,219 INFO com.github.briares.priceApi.controller.PriceRestController [http-nio-8080-exec-1] price request for product ProductPriceRequestDto(brandId=1, productId=35455, dateOfApplication=2020-06-14T10:37:50.483)
2021-07-03 23:29:42,398 INFO com.github.briares.priceApi.controller.PriceRestController [http-nio-8080-exec-1] request for product price ended with result ProductPriceDto(productId=35455, brandId=1, priceList=1, startDate=2020-06-14T00:00, endDate=2020-12-31T23:59:59, price=35.50)
2021-07-03 23:29:49,670 INFO com.zaxxer.hikari.HikariDataSource [SpringApplicationShutdownHook] priceReporting - Shutdown initiated...
2021-07-03 23:29:49,721 INFO com.zaxxer.hikari.HikariDataSource [SpringApplicationShutdownHook] priceReporting - Shutdown completed.
2021-07-03 23:30:46,390 INFO com.github.briares.priceApi.controller.PriceRestControllerTest [Test worker] Starting PriceRestControllerTest using Java 16 on salamander with PID 3610138 (started by britoss in /media/britoss/work/dev/program/spring/priceTool)
2021-07-03 23:30:46,394 DEBUG com.github.briares.priceApi.controller.PriceRestControllerTest [Test worker] Running with Spring Boot v2.6.0-SNAPSHOT, Spring v5.3.8
2021-07-03 23:30:46,403 INFO com.github.briares.priceApi.controller.PriceRestControllerTest [Test worker] No active profile set, falling back to default profiles: default
2021-07-03 23:30:48,446 INFO org.apache.catalina.core.StandardService [Test worker] Starting service [Tomcat]
2021-07-03 23:30:48,447 INFO org.apache.catalina.core.StandardEngine [Test worker] Starting Servlet engine: [Apache Tomcat/9.0.48]
2021-07-03 23:30:48,685 INFO org.apache.catalina.core.ContainerBase.[Tomcat].[localhost].[/priceApi] [Test worker] Initializing Spring embedded WebApplicationContext
2021-07-03 23:30:48,786 INFO com.zaxxer.hikari.HikariDataSource [Test worker] priceReporting - Starting...
2021-07-03 23:30:49,123 INFO com.zaxxer.hikari.HikariDataSource [Test worker] priceReporting - Start completed.
2021-07-03 23:30:49,429 INFO org.hibernate.jpa.internal.util.LogHelper [Test worker] HHH000204: Processing PersistenceUnitInfo [name: default]
2021-07-03 23:30:49,484 INFO org.hibernate.Version [Test worker] HHH000412: Hibernate ORM core version 5.4.32.Final
2021-07-03 23:30:49,739 INFO org.hibernate.annotations.common.Version [Test worker] HCANN000001: Hibernate Commons Annotations {5.1.2.Final}
2021-07-03 23:30:49,884 INFO org.hibernate.dialect.Dialect [Test worker] HHH000400: Using dialect: org.hibernate.dialect.H2Dialect
2021-07-03 23:30:50,665 INFO org.hibernate.engine.transaction.jta.platform.internal.JtaPlatformInitiator [Test worker] HHH000490: Using JtaPlatform implementation: [org.hibernate.engine.transaction.jta.platform.internal.NoJtaPlatform]
2021-07-03 23:30:53,443 INFO org.apache.catalina.core.ContainerBase.[Tomcat].[localhost].[/priceApi] [Test worker] Initializing Spring TestDispatcherServlet ''
2021-07-03 23:30:53,505 INFO com.github.briares.priceApi.controller.PriceRestControllerTest [Test worker] Started PriceRestControllerTest in 7.81 seconds (JVM running for 9.631)
2021-07-03 23:30:53,769 INFO com.github.briares.priceApi.controller.PriceRestController [Test worker] price request for product ProductPriceRequestDto(brandId=1, productId=35455, dateOfApplication=2019-06-16T21:00)
2021-07-03 23:30:53,847 INFO com.github.briares.priceApi.controller.PriceRestController [Test worker] request for product price ended with result null
2021-07-03 23:30:53,904 INFO com.github.briares.priceApi.controller.PriceRestController [Test worker] price request for product ProductPriceRequestDto(brandId=1, productId=35455, dateOfApplication=2020-06-14T10:00)
2021-07-03 23:30:53,918 INFO com.github.briares.priceApi.controller.PriceRestController [Test worker] request for product price ended with result ProductPriceDto(productId=35455, brandId=1, priceList=1, startDate=2020-06-14T00:00, endDate=2020-12-31T23:59:59, price=35.50)
2021-07-03 23:30:53,956 INFO com.github.briares.priceApi.controller.PriceRestController [Test worker] price request for product ProductPriceRequestDto(brandId=1, productId=35455, dateOfApplication=2020-06-14T16:00)
2021-07-03 23:30:53,958 INFO com.github.briares.priceApi.controller.PriceRestController [Test worker] request for product price ended with result ProductPriceDto(productId=35455, brandId=1, priceList=2, startDate=2020-06-14T15:00, endDate=2020-06-14T18:30, price=25.45)
2021-07-03 23:30:53,969 INFO com.github.briares.priceApi.controller.PriceRestController [Test worker] price request for product ProductPriceRequestDto(brandId=1, productId=35455, dateOfApplication=2020-06-14T21:00)
2021-07-03 23:30:53,971 INFO com.github.briares.priceApi.controller.PriceRestController [Test worker] request for product price ended with result ProductPriceDto(productId=35455, brandId=1, priceList=1, startDate=2020-06-14T00:00, endDate=2020-12-31T23:59:59, price=35.50)
2021-07-03 23:30:53,982 INFO com.github.briares.priceApi.controller.PriceRestController [Test worker] price request for product ProductPriceRequestDto(brandId=1, productId=35455, dateOfApplication=2020-06-15T10:00)
2021-07-03 23:30:53,984 INFO com.github.briares.priceApi.controller.PriceRestController [Test worker] request for product price ended with result ProductPriceDto(productId=35455, brandId=1, priceList=3, startDate=2020-06-15T00:00, endDate=2020-06-15T11:00, price=30.50)
2021-07-03 23:30:53,995 INFO com.github.briares.priceApi.controller.PriceRestController [Test worker] price request for product ProductPriceRequestDto(brandId=1, productId=35455, dateOfApplication=2020-06-16T21:00)
2021-07-03 23:30:53,997 INFO com.github.briares.priceApi.controller.PriceRestController [Test worker] request for product price ended with result ProductPriceDto(productId=35455, brandId=1, priceList=4, startDate=2020-06-15T16:00, endDate=2020-12-31T23:59:59, price=38.95)
2021-07-03 23:30:54,033 INFO com.zaxxer.hikari.HikariDataSource [SpringApplicationShutdownHook] priceReporting - Shutdown initiated...
2021-07-03 23:30:54,035 INFO com.zaxxer.hikari.HikariDataSource [SpringApplicationShutdownHook] priceReporting - Shutdown completed.
